"../../../Engine/Content/ArtTools/RenderToTexture/Enums/RenderToTexture_Enum.uasset" 0
"../../../Engine/Content/ArtTools/RenderToTexture/Enums/RenderToTexture_Flipbook_Enum.uasset" 1
"../../../Engine/Content/ArtTools/RenderToTexture/Enums/RenderToTexture_Imposter_Enum.uasset" 2
"../../../Engine/Content/ArtTools/RenderToTexture/Enums/EIntTypes.uasset" 3
"../../../Engine/Content/EditorBlueprintResources/StandardMacros.uasset" 4
"../../../Engine/Content/ArtTools/RenderToTexture/Macros/RenderToTextureFunctionLibrary.uasset" 5
"../../../Engine/Content/ArtTools/RenderToTexture/Enums/EFloatTypes.uasset" 6
"../../../Engine/Content/ArtTools/RenderToTexture/Macros/RenderToTextureMacros.uasset" 7
"../../../Engine/Content/EngineMaterials/T_Default_Material_Grid_N.uasset" 8
"../../../Engine/Content/EngineMaterials/T_Default_Material_Grid_M.uasset" 9
"../../../Engine/Content/Functions/Engine_MaterialFunctions01/Opacity/CameraDepthFade.uasset" 10
"../../../Engine/Content/EngineMaterials/WorldGridMaterial.uasset" 11
"../../../Engine/Content/ArtTools/RenderToTexture/Meshes/S_1_Unit_Plane.uasset" 12
"../../../Engine/Content/EngineMaterials/DefaultMaterial.uasset" 13
"../../../Engine/Content/BasicShapes/Cone.uasset" 14
"../../../Engine/Content/EngineMaterials/DefaultPhysicalMaterial.uasset" 15
"../../../Engine/Content/BufferVisualization/AmbientOcclusion.uasset" 16
"../../../Engine/Content/Functions/Engine_MaterialFunctions02/Utility/AppendMany.uasset" 17
"../../../Engine/Content/BufferVisualization/Anisotropy.uasset" 18
"../../../Engine/Content/BufferVisualization/BaseColor.uasset" 19
"../../../Engine/Content/BufferVisualization/CustomDepth.uasset" 20
"../../../Engine/Content/Functions/Engine_MaterialFunctions02/Utility/VectorLength.uasset" 21
"../../../Engine/Content/BufferVisualization/CustomDepthWorldUnits.uasset" 22
"../../../Engine/Content/EngineMaterials/MiniFont.uasset" 23
"../../../Engine/Content/Functions/Engine_MaterialFunctions02/Utility/MakeFloat3.uasset" 24
"../../../Engine/Content/Functions/Engine_MaterialFunctions02/Utility/MakeFloat2.uasset" 25
"../../../Engine/Content/Functions/Engine_MaterialFunctions02/ScreenResolution.uasset" 26
"../../../Engine/Content/Functions/Engine_MaterialFunctions02/Utility/BreakOutFloat2Components.uasset" 27
"../../../Engine/Content/Functions/Engine_MaterialFunctions01/Texturing/ScaleUVsByCenter.uasset" 28
"../../../Engine/Content/Functions/Engine_MaterialFunctions02/Texturing/ScreenAlignedUVs.uasset" 29
"../../../Engine/Content/BufferVisualization/CustomStencil.uasset" 30
"../../../Engine/Content/BufferVisualization/FinalImage.uasset" 31
"../../../Engine/Content/BufferVisualization/LightingModel.uasset" 32
"../../../Engine/Content/BufferVisualization/MaterialAO.uasset" 33
"../../../Engine/Content/BufferVisualization/Metallic.uasset" 34
"../../../Engine/Content/BufferVisualization/Opacity.uasset" 35
"../../../Engine/Content/BufferVisualization/PostTonemapHDRColor.uasset" 36
"../../../Engine/Content/BufferVisualization/PreTonemapHDRColor.uasset" 37
"../../../Engine/Content/BufferVisualization/Roughness.uasset" 38
"../../../Engine/Content/BufferVisualization/SceneColor.uasset" 39
"../../../Engine/Content/BufferVisualization/SceneDepth.uasset" 40
"../../../Engine/Content/BufferVisualization/SceneDepthWorldUnits.uasset" 41
"../../../Engine/Content/BufferVisualization/SeparateTranslucencyA.uasset" 42
"../../../Engine/Content/BufferVisualization/SeparateTranslucencyRGB.uasset" 43
"../../../Engine/Content/BufferVisualization/Specular.uasset" 44
"../../../Engine/Content/BufferVisualization/SubsurfaceColor.uasset" 45
"../../../Engine/Content/BufferVisualization/Velocity.uasset" 46
"../../../Engine/Content/BufferVisualization/WorldNormal.uasset" 47
"../../../Engine/Content/BufferVisualization/WorldTangent.uasset" 48
"../../../Engine/Content/EditorBlueprintResources/ActorMacros.uasset" 49
"../../../Engine/Content/EditorLandscapeResources/DataLayer.uasset" 50
"../../../Engine/Content/EditorLandscapeResources/DefaultAlphaTexture.uasset" 51
"../../../Engine/Content/EditorLandscapeResources/LandscapeGizmoHeight_Mat.uasset" 52
"../../../Engine/Content/EditorLandscapeResources/LandscapeGizmo_Mat.uasset" 53
"../../../Engine/Content/EditorLandscapeResources/LandscapeGizmo_Mat_Copied.uasset" 54
"../../../Engine/Content/EditorLandscapeResources/SplineEditorMeshMat.uasset" 55
"../../../Engine/Content/EditorLandscapeResources/SplineEditorMesh.uasset" 56
"../../../Engine/Content/EditorMaterials/Cross.uasset" 57
"../../../Engine/Content/EditorMaterials/Cross_Mat.uasset" 58
"../../../Engine/Content/Functions/Engine_MaterialFunctions02/Utility/Sign.uasset" 59
"../../../Engine/Content/Functions/Engine_MaterialFunctions02/Utility/Round.uasset" 60
"../../../Engine/Content/EditorResources/T_EditorHelp.uasset" 61
"../../../Engine/Content/Functions/Engine_MaterialFunctions02/ExampleContent/Textures/DebugNumberPeriod.uasset" 62
"../../../Engine/Content/Functions/Engine_MaterialFunctions02/ExampleContent/DebugNumberStrip.uasset" 63
"../../../Engine/Content/EngineMaterials/DefaultDiffuse.uasset" 64
"../../../Engine/Content/Functions/Engine_MaterialFunctions01/Texturing/TextureCropping.uasset" 65
"../../../Engine/Content/Functions/Engine_MaterialFunctions01/Texturing/ComputeMipLevel.uasset" 66
"../../../Engine/Content/Functions/Engine_MaterialFunctions02/Utility/DebugScalarValues.uasset" 67
"../../../Engine/Content/Functions/Engine_MaterialFunctions02/Utility/DebugFloat2Values.uasset" 68
"../../../Engine/Content/Functions/Engine_MaterialFunctions02/ExampleContent/Textures/flipbook.uasset" 69
"../../../Engine/Content/Functions/Engine_MaterialFunctions02/Texturing/FlipBook.uasset" 70
"../../../Engine/Content/EditorMaterials/HelpActorMaterial.uasset" 71
"../../../Engine/Content/Functions/Engine_MaterialFunctions03/Procedurals/ComputeFilterWidth.uasset" 72
"../../../Engine/Content/EngineMaterials/BlendFunc_DefBlend.uasset" 73
"../../../Engine/Content/EngineMaterials/BlendFunc_DefBase.uasset" 74
"../../../Engine/Content/Functions/Engine_MaterialFunctions03/Blends/Blend_Screen.uasset" 75
"../../../Engine/Content/EditorMaterials/TilingAALineIntegral.uasset" 76
"../../../Engine/Content/EditorMaterials/TilingAALineBoxFiltered.uasset" 77
"../../../Engine/Content/EditorMaterials/TilingAAGrid.uasset" 78
"../../../Engine/Content/EditorMaterials/TilingAADots.uasset" 79
"../../../Engine/Content/EditorMaterials/CompositeARGBLayer.uasset" 80
"../../../Engine/Content/EditorMaterials/LevelGridMaterial.uasset" 81
"../../../Engine/Content/EditorResources/LevelGrid1DStripes.uasset" 82
"../../../Engine/Content/EditorMaterials/TextureGridCascaded1D.uasset" 83
"../../../Engine/Content/EditorMaterials/TextureGridCascaded2D.uasset" 84
"../../../Engine/Content/EditorMaterials/MakeCompositeARGBLayer.uasset" 85
"../../../Engine/Content/EditorMaterials/LevelGridMaterial2.uasset" 86
"../../../Engine/Content/EditorMaterials/MAT_Groups_Toggle.uasset" 87
"../../../Engine/Content/EditorMaterials/MAT_Groups_Visibility.uasset" 88
"../../../Engine/Content/EngineMaterials/Grid.uasset" 89
"../../../Engine/Content/EditorResources/TilePatine_N.uasset" 90
"../../../Engine/Content/EditorResources/TilePatine_D.uasset" 91
"../../../Engine/Content/EditorMaterials/AntialiasedGridFloor.uasset" 92
"../../../Engine/Content/EditorMaterials/PersonaFloorMat.uasset" 93
"../../../Engine/Content/EditorMaterials/PhAT_BoneSelectedMaterial.uasset" 94
"../../../Engine/Content/EditorMaterials/PhAT_ElemSelectedMaterial.uasset" 95
"../../../Engine/Content/EditorMaterials/PhAT_NoCollisionMaterial.uasset" 96
"../../../Engine/Content/EditorMaterials/PhAT_UnselectedMaterial.uasset" 97
"../../../Engine/Content/EditorMaterials/PreviewShadowIndicator.uasset" 98
"../../../Engine/Content/EditorMaterials/PreviewShadowIndicatorMaterial.uasset" 99
"../../../Engine/Content/EditorMaterials/TargetIcon.uasset" 100
"../../../Engine/Content/EditorMaterials/Tick.uasset" 101
"../../../Engine/Content/EditorMaterials/Tick_Mat.uasset" 102
"../../../Engine/Content/EditorMaterials/WidgetGridVertexColorMaterial.uasset" 103
"../../../Engine/Content/EditorMaterials/WidgetGridVertexColorMaterial_Ma.uasset" 104
"../../../Engine/Content/EditorMaterials/WidgetMaterial.uasset" 105
"../../../Engine/Content/EditorMaterials/WidgetMaterial_Current.uasset" 106
"../../../Engine/Content/EditorMaterials/WidgetMaterial_X.uasset" 107
"../../../Engine/Content/EditorMaterials/WidgetMaterial_Y.uasset" 108
"../../../Engine/Content/EditorMaterials/WidgetMaterial_Z.uasset" 109
"../../../Engine/Content/EditorMaterials/WidgetVertexColorMaterial.uasset" 110
"../../../Engine/Content/EditorMaterials/AssetViewer/EpicQuadPanorama_CC+EV1.uasset" 111
"../../../Engine/Content/MapTemplates/Sky/SunsetAmbientCubemap.uasset" 112
"../../../Engine/Content/EditorMaterials/AssetViewer/M_SkyBox.uasset" 113
"../../../Engine/Content/EditorMaterials/MatineeGroups/MAT_ColorTrack.uasset" 114
"../../../Engine/Content/EditorMaterials/MatineeGroups/MAT_Groups_Anim.uasset" 115
"../../../Engine/Content/EditorMaterials/MatineeGroups/MAT_Groups_AudioMaster.uasset" 116
"../../../Engine/Content/EditorMaterials/MatineeGroups/MAT_Groups_Director.uasset" 117
"../../../Engine/Content/EditorMaterials/MatineeGroups/MAT_Groups_Event.uasset" 118
"../../../Engine/Content/EditorMaterials/MatineeGroups/MAT_Groups_Fade.uasset" 119
"../../../Engine/Content/EditorMaterials/MatineeGroups/MAT_Groups_Float.uasset" 120
"../../../Engine/Content/EditorMaterials/MatineeGroups/MAT_Groups_Move.uasset" 121
"../../../Engine/Content/EditorMaterials/MatineeGroups/MAT_Groups_Slomo.uasset" 122
"../../../Engine/Content/EditorMaterials/MatineeGroups/MAT_Groups_Sound.uasset" 123
"../../../Engine/Content/EditorMaterials/MatineeGroups/MAT_Groups_Vector.uasset" 124
"../../../Engine/Content/EditorMaterials/ParticleSystems/PSysThumbnail_NoImage.uasset" 125
"../../../Engine/Content/EditorMaterials/ParticleSystems/PSysThumbnail_OOD.uasset" 126
"../../../Engine/Content/EditorMaterials/Thumbnails/FloorPlaneMaterial.uasset" 127
"../../../Engine/Content/EditorMeshes/EditorCube.uasset" 128
"../../../Engine/Content/EditorMeshes/EditorCylinder.uasset" 129
"../../../Engine/Content/EditorMeshes/EditorPlane.uasset" 130
"../../../Engine/Content/EditorMaterials/Thumbnails/SkySphereMaterial.uasset" 131
"../../../Engine/Content/EditorMeshes/EditorSkySphere.uasset" 132
"../../../Engine/Content/EditorMeshes/EditorSphere.uasset" 133
"../../../Engine/Content/EditorResources/MatineeCam_D.uasset" 134
"../../../Engine/Content/EditorMaterials/MatineeCam_mat.uasset" 135
"../../../Engine/Content/EditorMeshes/MatineeCam_SM.uasset" 136
"../../../Engine/Content/Functions/Engine_MaterialFunctions01/Shading/ConvertFromDiffSpec.uasset" 137
"../../../Engine/Content/EditorMaterials/GridMaterial.uasset" 138
"../../../Engine/Content/EditorMeshes/PhAT_FloorBox.uasset" 139
"../../../Engine/Content/EditorMeshes/PlanarReflectionPlane.uasset" 140
"../../../Engine/Content/EditorMeshes/AssetViewer/Floor_Mesh.uasset" 141
"../../../Engine/Content/EditorMeshes/AssetViewer/Sphere_inversenormals.uasset" 142
"../../../Engine/Content/EngineDebugMaterials/M_SimpleOpaque.uasset" 143
"../../../Engine/Content/EditorMaterials/Camera/MI_CineMat_CamViewFinder.uasset" 144
"../../../Engine/Content/EditorMaterials/Camera/CineMat.uasset" 145
"../../../Engine/Content/EditorMaterials/Camera/MI_CineMat_CameraBody.uasset" 146
"../../../Engine/Content/EditorMeshes/Camera/SM_CineCam.uasset" 147
"../../../Engine/Content/EditorMaterials/Camera/MI_CineMat_Rig.uasset" 148
"../../../Engine/Content/EditorMeshes/Camera/SM_CraneRig_Arm.uasset" 149
"../../../Engine/Content/EditorMeshes/Camera/SM_CraneRig_Base.uasset" 150
"../../../Engine/Content/EditorMeshes/Camera/SM_CraneRig_Body.uasset" 151
"../../../Engine/Content/EditorMeshes/Camera/SM_CraneRig_Mount.uasset" 152
"../../../Engine/Content/EditorMeshes/Camera/SM_RailRig_Mount.uasset" 153
"../../../Engine/Content/EditorMeshes/Camera/SM_RailRig_Track.uasset" 154
"../../../Engine/Content/EditorMeshes/ColorCalibrator/M_ChromeBall.uasset" 155
"../../../Engine/Content/EditorResources/Bad.uasset" 156
"../../../Engine/Content/EditorResources/BSPVertex.uasset" 157
"../../../Engine/Content/EditorResources/EmptyActor.uasset" 158
"../../../Engine/Content/EditorResources/MatInstActSprite.uasset" 159
"../../../Engine/Content/EditorResources/SceneManager.uasset" 160
"../../../Engine/Content/EditorResources/SmallFont.uasset" 161
"../../../Engine/Content/EditorResources/S_Actor.uasset" 162
"../../../Engine/Content/EditorResources/S_CameraShakeSource.uasset" 163
"../../../Engine/Content/EditorResources/S_DecalActorIcon.uasset" 164
"../../../Engine/Content/EditorResources/S_Emitter.uasset" 165
"../../../Engine/Content/EditorResources/S_ExpoHeightFog.uasset" 166
"../../../Engine/Content/EditorResources/S_FTest.uasset" 167
"../../../Engine/Content/EditorResources/S_KBSJoint.uasset" 168
"../../../Engine/Content/EditorResources/S_KHinge.uasset" 169
"../../../Engine/Content/EditorResources/S_KPrismatic.uasset" 170
"../../../Engine/Content/EditorResources/S_LevelSequence.uasset" 171
"../../../Engine/Content/EditorResources/S_NavP.uasset" 172
"../../../Engine/Content/EditorResources/S_Note.uasset" 173
"../../../Engine/Content/EditorResources/S_Player.uasset" 174
"../../../Engine/Content/EditorResources/S_PortalActorIcon2.uasset" 175
"../../../Engine/Content/EditorResources/S_RadForce.uasset" 176
"../../../Engine/Content/EditorResources/S_ReflActorIcon.uasset" 177
"../../../Engine/Content/EditorResources/S_SkyAtmosphere.uasset" 178
"../../../Engine/Content/EditorResources/S_Solver.uasset" 179
"../../../Engine/Content/EditorResources/S_Terrain.uasset" 180
"../../../Engine/Content/EditorResources/S_TextRenderActorIcon.uasset" 181
"../../../Engine/Content/EditorResources/S_Thruster.uasset" 182
"../../../Engine/Content/EditorResources/S_Trigger.uasset" 183
"../../../Engine/Content/EditorResources/S_VectorFieldVol.uasset" 184
"../../../Engine/Content/EditorResources/S_VolumetricCloud.uasset" 185
"../../../Engine/Content/EditorResources/S_WindDirectional.uasset" 186
"../../../Engine/Content/EditorResources/AI/S_NavLink.uasset" 187
"../../../Engine/Content/EditorResources/LightIcons/SkyLight.uasset" 188
"../../../Engine/Content/EditorResources/LightIcons/S_LightDirectional.uasset" 189
"../../../Engine/Content/EditorResources/LightIcons/S_LightDirectionalMove.uasset" 190
"../../../Engine/Content/EditorResources/LightIcons/S_LightError.uasset" 191
"../../../Engine/Content/EditorResources/LightIcons/S_LightPoint.uasset" 192
"../../../Engine/Content/EditorResources/LightIcons/S_LightPointMove.uasset" 193
"../../../Engine/Content/EditorResources/LightIcons/S_LightSpot.uasset" 194
"../../../Engine/Content/EditorResources/LightIcons/S_LightSpotMove.uasset" 195
"../../../Engine/Content/EditorResources/SequenceRecorder/Countdown.uasset" 196
"../../../Engine/Content/EditorResources/SequenceRecorder/RecordingIndicator.uasset" 197
"../../../Engine/Content/EditorResources/Spline/T_Loft_Spline.uasset" 198
"../../../Engine/Content/EditorSounds/Notifications/CompileSuccess.uasset" 199
"../../../Engine/Content/EditorSounds/Notifications/CompileStart_Cue.uasset" 200
"../../../Engine/Content/EngineDamageTypes/DmgTypeBP_Environmental.uasset" 201
"../../../Engine/Content/EngineDebugMaterials/HeatmapGradient.uasset" 202
"../../../Engine/Content/EngineDebugMaterials/BoneWeightMaterial.uasset" 203
"../../../Engine/Content/EngineDebugMaterials/ClothMaterial.uasset" 204
"../../../Engine/Content/EngineDebugMaterials/ClothMaterial_WF.uasset" 205
"../../../Engine/Content/EngineDebugMaterials/DebugEditorMaterial.uasset" 206
"../../../Engine/Content/EngineDebugMaterials/DebugMeshMaterial.uasset" 207
"../../../Engine/Content/EngineDebugMaterials/GeomMaterial.uasset" 208
"../../../Engine/Content/EngineDebugMaterials/LevelColorationLitMaterial.uasset" 209
"../../../Engine/Content/EngineDebugMaterials/LevelColorationUnlitMaterial.uasset" 210
"../../../Engine/Content/EngineMaterials/DefaultWhiteGrid.uasset" 211
"../../../Engine/Content/EngineDebugMaterials/MAT_LevelColorationLitLightmapUV.uasset" 212
"../../../Engine/Content/EngineDebugMaterials/M_SimpleUnlitTranslucent.uasset" 213
"../../../Engine/Content/EngineDebugMaterials/VolumeToRender.uasset" 214
"../../../Engine/Content/Functions/Engine_MaterialFunctions02/Utility/CameraDirectionVector.uasset" 215
"../../../Engine/Content/EngineDebugMaterials/M_VolumeRenderSphereTracePP.uasset" 216
"../../../Engine/Content/EngineMaterials/DefaultWhiteGrid_Low.uasset" 217
"../../../Engine/Content/EngineDebugMaterials/PhysicalMaterialMaskMaterial.uasset" 218
"../../../Engine/Content/EngineDebugMaterials/ShadedLevelColorationLitMaterial.uasset" 219
"../../../Engine/Content/EngineDebugMaterials/ShadedLevelColorationUnlitMateri.uasset" 220
"../../../Engine/Content/EngineDebugMaterials/VertexColorMaterial.uasset" 221
"../../../Engine/Content/EngineDebugMaterials/VertexColorViewMode_AlphaAsColor.uasset" 222
"../../../Engine/Content/EngineDebugMaterials/VertexColorViewMode_BlueOnly.uasset" 223
"../../../Engine/Content/EngineDebugMaterials/VertexColorViewMode_ColorOnly.uasset" 224
"../../../Engine/Content/EngineDebugMaterials/VertexColorViewMode_GreenOnly.uasset" 225
"../../../Engine/Content/EngineDebugMaterials/VertexColorViewMode_RedOnly.uasset" 226
"../../../Engine/Content/EngineDebugMaterials/WireframeMaterial.uasset" 227
"../../../Engine/Content/EngineFonts/Faces/RobotoRegular.uasset" 228
"../../../Engine/Content/EngineFonts/Faces/RobotoLight.uasset" 229
"../../../Engine/Content/EngineFonts/Faces/RobotoItalic.uasset" 230
"../../../Engine/Content/EngineFonts/Faces/RobotoBoldItalic.uasset" 231
"../../../Engine/Content/EngineFonts/Faces/RobotoBold.uasset" 232
"../../../Engine/Content/EngineFonts/Faces/DroidSansFallback.uasset" 233
"../../../Engine/Content/EngineFonts/Roboto.uasset" 234
"../../../Engine/Content/EngineFonts/Faces/RobotoTiny.uasset" 235
"../../../Engine/Content/EngineFonts/RobotoTiny.uasset" 236
"../../../Engine/Content/EngineFonts/SmallFont.uasset" 237
"../../../Engine/Content/EngineFonts/TinyFont.uasset" 238
"../../../Engine/Content/EngineMaterials/BaseFlattenNormalMap.uasset" 239
"../../../Engine/Content/EngineMaterials/BaseFlattenGrayscaleMap.uasset" 240
"../../../Engine/Content/EngineMaterials/BaseFlattenEmissiveMap.uasset" 241
"../../../Engine/Content/EngineMaterials/BaseFlattenDiffuseMap.uasset" 242
"../../../Engine/Content/EngineMaterials/BaseFlattenMaterial.uasset" 243
"../../../Engine/Content/EngineResources/WhiteSquareTexture.uasset" 244
"../../../Engine/Content/EngineMaterials/BlinkingCaret.uasset" 245
"../../../Engine/Content/EngineMaterials/BlueNoise.uasset" 246
"../../../Engine/Content/EngineMaterials/DefaultBloomKernel.uasset" 247
"../../../Engine/Content/EngineMaterials/DefaultBokeh.uasset" 248
"../../../Engine/Content/EngineMaterials/DefaultDeferredDecalMaterial.uasset" 249
"../../../Engine/Content/EngineMaterials/DefaultLightFunctionMaterial.uasset" 250
"../../../Engine/Content/EngineMaterials/DefaultNormal.uasset" 251
"../../../Engine/Content/EngineMaterials/DefaultPostProcessMaterial.uasset" 252
"../../../Engine/Content/EngineFonts/RobotoDistanceField.uasset" 253
"../../../Engine/Content/EngineMaterials/DefaultTextMaterialOpaque.uasset" 254
"../../../Engine/Content/EngineMaterials/EditorBrushMaterial.uasset" 255
"../../../Engine/Content/EngineMaterials/EmissiveMeshMaterial.uasset" 256
"../../../Engine/Content/EngineMaterials/GizmoMaterial.uasset" 257
"../../../Engine/Content/EngineMaterials/Good64x64TilingNoiseHighFreq.uasset" 258
"../../../Engine/Content/EngineMaterials/Grid_N.uasset" 259
"../../../Engine/Content/EngineMaterials/HighResolutionScreenshotMaskFunction.uasset" 260
"../../../Engine/Content/EngineMaterials/HighResScreenshot.uasset" 261
"../../../Engine/Content/EngineMaterials/HighResScreenshotCaptureRegion.uasset" 262
"../../../Engine/Content/EngineMaterials/HighResScreenshotMask.uasset" 263
"../../../Engine/Content/EngineMaterials/LandscapeHolePhysicalMaterial.uasset" 264
"../../../Engine/Content/EngineMaterials/InvalidLightmapSettings.uasset" 265
"../../../Engine/Content/EngineMaterials/M_InvalidLightmapSettings.uasset" 266
"../../../Engine/Content/EngineMaterials/PaperDiffuse.uasset" 267
"../../../Engine/Content/EngineMaterials/PaperNormal.uasset" 268
"../../../Engine/Content/Functions/Engine_MaterialFunctions02/WorldPositionOffset/CameraOffset.uasset" 269
"../../../Engine/Content/EngineMaterials/PhAT_JointLimitMaterial.uasset" 270
"../../../Engine/Content/EngineMaterials/PhysMat_Rubber.uasset" 271
"../../../Engine/Content/EngineMaterials/PreintegratedSkinBRDF.uasset" 272
"../../../Engine/Content/EngineMaterials/RemoveSurfaceMaterial.uasset" 273
"../../../Engine/Content/EngineMaterials/WeightMapPlaceholderTexture.uasset" 274
"../../../Engine/Content/Functions/Engine_MaterialFunctions01/ImageAdjustment/sRGBToLinear.uasset" 275
"../../../Engine/Content/Functions/Engine_MaterialFunctions02/Utility/BreakOutFloat3Components.uasset" 276
"../../../Engine/Content/EngineMaterials/Widget3DCameraPassThrough_Opaque_OneSided.uasset" 277
"../../../Engine/Content/EngineMaterials/Widget3DPassThrough.uasset" 278
"../../../Engine/Content/EngineMaterials/Widget3DPassThrough_Masked.uasset" 279
"../../../Engine/Content/EngineMaterials/Widget3DPassThrough_Opaque.uasset" 280
"../../../Engine/Content/EngineMaterials/Widget3DPassThrough_Masked_OneSided.uasset" 281
"../../../Engine/Content/EngineMaterials/Widget3DPassThrough_Opaque_OneSided.uasset" 282
"../../../Engine/Content/EngineMaterials/Widget3DPassThrough_Translucent.uasset" 283
"../../../Engine/Content/EngineMaterials/Widget3DPassThrough_Translucent_OneSided.uasset" 284
"../../../Engine/Content/EngineMeshes/Cylinder.uasset" 285
"../../../Engine/Content/EngineMeshes/Sphere.uasset" 286
"../../../Engine/Content/EngineResources/Black.uasset" 287
"../../../Engine/Content/EngineResources/DefaultTextureCube.uasset" 288
"../../../Engine/Content/EngineResources/DefaultVolumeTexture2D.uasset" 289
"../../../Engine/Content/EngineResources/DefaultVolumeTexture.uasset" 290
"../../../Engine/Content/EngineResources/GradientTexture0.uasset" 291
"../../../Engine/Content/EngineResources/StreamingPauseIcon.uasset" 292
"../../../Engine/Content/EngineResources/M_StreamingPause.uasset" 293
"../../../Engine/Content/EngineSky/VolumetricClouds/T_NoiseShape64.uasset" 294
"../../../Engine/Content/EngineSky/VolumetricClouds/T_VolumeNoiseShape64.uasset" 295
"../../../Engine/Content/EngineSky/VolumetricClouds/T_NoiseErosion.uasset" 296
"../../../Engine/Content/EngineSky/VolumetricClouds/T_VolumeNoiseErosion32.uasset" 297
"../../../Engine/Content/EngineSky/VolumetricClouds/CloudWeatherTexture.uasset" 298
"../../../Engine/Content/EngineSky/VolumetricClouds/CloudGradientTexture.uasset" 299
"../../../Engine/Content/EngineSky/VolumetricClouds/m_SimpleVolumetricCloud.uasset" 300
"../../../Engine/Content/EngineSky/VolumetricClouds/m_SimpleVolumetricCloud_Inst.uasset" 301
"../../../Engine/Content/EngineSounds/Master.uasset" 302
"../../../Engine/Content/Functions/Engine_MaterialFunctions01/Shading/PowerToRoughness.uasset" 303
"../../../Engine/Content/Maps/Templates/Thumbnails/Default.uasset" 304
"../../../Engine/Content/Maps/Templates/Thumbnails/TimeOfDay.uasset" 305
"../../../Engine/Content/Maps/Templates/Thumbnails/VR-Basic.uasset" 306
"../../../Engine/Content/MapTemplates/Sky/DaylightAmbientCubemap.uasset" 307
"../../../Engine/Content/MobileResources/T_MobileControls_texture.uasset" 308
"../../../Engine/Content/MobileResources/T_MobileMenu2.uasset" 309
"../../../Engine/Content/MobileResources/HUD/AnalogHat.uasset" 310
"../../../Engine/Content/MobileResources/HUD/VirtualJoystick_Thumb.uasset" 311
"../../../Engine/Content/MobileResources/HUD/VirtualJoystick_Background.uasset" 312
"../../../Engine/Content/MobileResources/HUD/DefaultVirtualJoysticks.uasset" 313
"../../../Engine/Content/MobileResources/HUD/LeftVirtualJoystickOnly.uasset" 314
"../../../Engine/Content/MobileResources/HUD/MobileHUDButton1_off.uasset" 315
"../../../Engine/Content/MobileResources/HUD/MobileHUDButton1_on.uasset" 316
"../../../Engine/Content/MobileResources/HUD/MobileHUDButton2_off.uasset" 317
"../../../Engine/Content/MobileResources/HUD/MobileHUDButton2_on.uasset" 318
"../../../Engine/Content/MobileResources/HUD/MobileHUDButton3.uasset" 319
"../../../Engine/Content/MobileResources/HUD/MobileHUDButtonFire.uasset" 320
"../../../Engine/Content/MobileResources/HUD/MobileHUDDirectionPad.uasset" 321
"../../../Engine/Content/MobileResources/HUD/MobileHUDDirectionPad2.uasset" 322
"../../../Engine/Content/MobileResources/HUD/MobileHUDDirectionPad3.uasset" 323
"../../../Engine/Content/MobileResources/HUD/MobileHUDDirectionStick.uasset" 324
"../../../Engine/Content/MobileResources/HUD/T_Castle_ThumbstickInner.uasset" 325
"../../../Engine/Content/MobileResources/HUD/T_Castle_ThumbstickOutter.uasset" 326
"../../../Engine/Content/Tutorial/ContentIntroCurve.uasset" 327
"../../../Engine/Content/Tutorial/Basics/LevelEditorAttract.uasset" 328
"../../../Engine/Content/Tutorial/Basics/TutorialAssets/icon_tab_Levels_40x.uasset" 329
"../../../Engine/Content/Tutorial/Basics/LevelEditorOverview.uasset" 330
"../../../Engine/Content/Tutorial/BlueprintTutorials/TutorialAssets/Blueprint_64x.uasset" 331
"../../../Engine/Content/Tutorial/BlueprintTutorials/BlueprintEditorTutorial.uasset" 332
"../../../Engine/Content/Tutorial/BlueprintTutorials/TutorialAssets/Tutorial_BP_MacroLib.uasset" 333
"../../../Engine/Content/Tutorial/SubEditors/MaterialEditorTutorial.uasset" 334
"../../../Engine/Content/Tutorial/SubEditors/TutorialAssets/TutorialMaterial.uasset" 335
"../../../Engine/Content/VREditor/TransformGizmo/TranslucentTransformGizmoMaterial.uasset" 336
"../../../Engine/Content/VREditor/LaserPointer/VR_LaserPower_01.uasset" 337
"../../../Engine/Content/VREditor/TransformGizmo/TransformGizmoMaterial.uasset" 338
"../../../Engine/Content/VREditor/TransformGizmo/BoundingBoxCorner.uasset" 339
"../../../Engine/Content/VREditor/TransformGizmo/BoundingBoxEdge.uasset" 340
"../../../Engine/Content/VREditor/TransformGizmo/PlaneTranslationHandle.uasset" 341
"../../../Engine/Content/VREditor/TransformGizmo/Xray.uasset" 342
"../../../Engine/Content/VREditor/TransformGizmo/Main.uasset" 343
"../../../Engine/Content/VREditor/TransformGizmo/SM_Sequencer_Key.uasset" 344
"../../../Engine/Content/VREditor/TransformGizmo/SM_Sequencer_Node.uasset" 345
"../../../../../../Users/Administrator/Documents/Unreal Projects/TestAndroid/Content/MobileStarterContent/Materials/M_Basic_Floor.uasset" 346
"../../../../../../Users/Administrator/Documents/Unreal Projects/TestAndroid/Content/UI/MainMenu.uasset" 347
"../../../../../../Users/Administrator/Documents/Unreal Projects/TestAndroid/Content/SaveGameData/EndlessSaveGame.uasset" 348
"../../../../../../Users/Administrator/Documents/Unreal Projects/TestAndroid/Content/UI/GameOverScreen.uasset" 349
"../../../../../../Users/Administrator/Documents/Unreal Projects/TestAndroid/Content/Material/Forest01.uasset" 350
"../../../../../../Users/Administrator/Documents/Unreal Projects/TestAndroid/Content/Material/Background.uasset" 351
"../../../../../../Users/Administrator/Documents/Unreal Projects/TestAndroid/Content/2dSideScroller/Textures/2DCharacter_RunAnimAtlas.uasset" 352
"../../../../../../Users/Administrator/Documents/Unreal Projects/TestAndroid/Content/2dSideScroller/Sprites/RunFrames/RunCycle_9.uasset" 353
"../../../../../../Users/Administrator/Documents/Unreal Projects/TestAndroid/Content/2dSideScroller/Sprites/RunFrames/RunCycle_8.uasset" 354
"../../../../../../Users/Administrator/Documents/Unreal Projects/TestAndroid/Content/2dSideScroller/Sprites/RunFrames/RunCycle_7.uasset" 355
"../../../../../../Users/Administrator/Documents/Unreal Projects/TestAndroid/Content/2dSideScroller/Sprites/RunFrames/RunCycle_6.uasset" 356
"../../../../../../Users/Administrator/Documents/Unreal Projects/TestAndroid/Content/2dSideScroller/Sprites/RunFrames/RunCycle_5.uasset" 357
"../../../../../../Users/Administrator/Documents/Unreal Projects/TestAndroid/Content/2dSideScroller/Sprites/RunFrames/RunCycle_4.uasset" 358
"../../../../../../Users/Administrator/Documents/Unreal Projects/TestAndroid/Content/2dSideScroller/Sprites/RunFrames/RunCycle_3.uasset" 359
"../../../../../../Users/Administrator/Documents/Unreal Projects/TestAndroid/Content/2dSideScroller/Sprites/RunFrames/RunCycle_2.uasset" 360
"../../../../../../Users/Administrator/Documents/Unreal Projects/TestAndroid/Content/2dSideScroller/Sprites/RunFrames/RunCycle_16.uasset" 361
"../../../../../../Users/Administrator/Documents/Unreal Projects/TestAndroid/Content/2dSideScroller/Sprites/RunFrames/RunCycle_15.uasset" 362
"../../../../../../Users/Administrator/Documents/Unreal Projects/TestAndroid/Content/2dSideScroller/Sprites/RunFrames/RunCycle_14.uasset" 363
"../../../../../../Users/Administrator/Documents/Unreal Projects/TestAndroid/Content/2dSideScroller/Sprites/RunFrames/RunCycle_13.uasset" 364
"../../../../../../Users/Administrator/Documents/Unreal Projects/TestAndroid/Content/2dSideScroller/Sprites/RunFrames/RunCycle_12.uasset" 365
"../../../../../../Users/Administrator/Documents/Unreal Projects/TestAndroid/Content/2dSideScroller/Sprites/RunFrames/RunCycle_11.uasset" 366
"../../../../../../Users/Administrator/Documents/Unreal Projects/TestAndroid/Content/2dSideScroller/Sprites/RunFrames/RunCycle_10.uasset" 367
"../../../../../../Users/Administrator/Documents/Unreal Projects/TestAndroid/Content/2dSideScroller/Sprites/RunFrames/RunCycle_1.uasset" 368
"../../../../../../Users/Administrator/Documents/Unreal Projects/TestAndroid/Content/2DSideScroller/Sprites/RunningAnimation.uasset" 369
"../../../../../../Users/Administrator/Documents/Unreal Projects/TestAndroid/Content/2dSideScroller/Textures/2DCharacter_IdleAnimAtlas.uasset" 370
"../../../../../../Users/Administrator/Documents/Unreal Projects/TestAndroid/Content/2dSideScroller/Sprites/IdleFrames/IdleCycle8.uasset" 371
"../../../../../../Users/Administrator/Documents/Unreal Projects/TestAndroid/Content/2dSideScroller/Sprites/IdleFrames/IdleCycle7.uasset" 372
"../../../../../../Users/Administrator/Documents/Unreal Projects/TestAndroid/Content/2dSideScroller/Sprites/IdleFrames/IdleCycle6.uasset" 373
"../../../../../../Users/Administrator/Documents/Unreal Projects/TestAndroid/Content/2dSideScroller/Sprites/IdleFrames/IdleCycle5.uasset" 374
"../../../../../../Users/Administrator/Documents/Unreal Projects/TestAndroid/Content/2dSideScroller/Sprites/IdleFrames/IdleCycle4.uasset" 375
"../../../../../../Users/Administrator/Documents/Unreal Projects/TestAndroid/Content/2dSideScroller/Sprites/IdleFrames/IdleCycle3.uasset" 376
"../../../../../../Users/Administrator/Documents/Unreal Projects/TestAndroid/Content/2dSideScroller/Sprites/IdleFrames/IdleCycle2.uasset" 377
"../../../../../../Users/Administrator/Documents/Unreal Projects/TestAndroid/Content/2dSideScroller/Sprites/IdleFrames/IdleCycle1.uasset" 378
"../../../../../../Users/Administrator/Documents/Unreal Projects/TestAndroid/Content/2DSideScroller/Sprites/IdleAnimation.uasset" 379
"../../../Engine/Content/BasicShapes/Plane.uasset" 380
"../../../../../../Users/Administrator/Documents/Unreal Projects/TestAndroid/Content/2DSideScrollerBP/Blueprints/2DSideScrollerCharacter.uasset" 381
"../../../../../../Users/Administrator/Documents/Unreal Projects/TestAndroid/Content/2DSideScrollerBP/Blueprints/2DSideScrollerGameMode.uasset" 382
"../../../../../../Users/Administrator/Documents/Unreal Projects/TestAndroid/Content/Coin.uasset" 383
"../../../../../../Users/Administrator/Documents/Unreal Projects/TestAndroid/Content/UI/MainGame.uasset" 384
"../../../../../../Users/Administrator/Documents/Unreal Projects/TestAndroid/Content/UI/Score.uasset" 385
"../../Plugins/2D/Paper2D/Content/PlaceholderTextures/DummySpriteTexture.uasset" 386
"../../Plugins/2D/Paper2D/Content/DummySprite.uasset" 387
"../../Plugins/2D/Paper2D/Content/DefaultPaperTerrainMaterial.uasset" 388
"../../Plugins/2D/Paper2D/Content/DefaultSpriteMaterial.uasset" 389
"../../Plugins/2D/Paper2D/Content/MaskedUnlitSpriteMaterial.uasset" 390
"../../Plugins/2D/Paper2D/Content/OpaqueUnlitSpriteMaterial.uasset" 391
"../../Plugins/FX/Niagara/Content/Enums/ENiagaraAnimTrailWidthMode.uasset" 392
"../../Plugins/FX/Niagara/Content/Enums/ENiagaraArraySamplingMode.uasset" 393
"../../Plugins/FX/Niagara/Content/Enums/ENiagaraBoneSamplingMode.uasset" 394
"../../Plugins/FX/Niagara/Content/Enums/ENiagaraBoneSocketSamplingMode.uasset" 395
"../../Plugins/FX/Niagara/Content/Enums/ENiagaraBooleanLogicOps.uasset" 396
"../../Plugins/FX/Niagara/Content/Enums/ENiagaraBooleanLogicOps_v2.uasset" 397
"../../Plugins/FX/Niagara/Content/Enums/ENiagaraCalculateRadiusOptions.uasset" 398
"../../Plugins/FX/Niagara/Content/Enums/ENiagaraChannelCorrelation.uasset" 399
"../../Plugins/FX/Niagara/Content/Enums/ENiagaraCollisionRadiusOptions.uasset" 400
"../../Plugins/FX/Niagara/Content/Enums/ENiagaraCoordinateSpace.uasset" 401
"../../Plugins/FX/Niagara/Content/Enums/ENiagaraCurlNoiseQuality.uasset" 402
"../../Plugins/FX/Niagara/Content/Enums/ENiagaraEmitterLifeCycleMode.uasset" 403
"../../Plugins/FX/Niagara/Content/Enums/ENiagaraEmitterScalabilityMode.uasset" 404
"../../Plugins/FX/Niagara/Content/Enums/ENiagaraEmitterScalabilityMode_Limited.uasset" 405
"../../Plugins/FX/Niagara/Content/Enums/ENiagaraExecutionStateManagement.uasset" 406
"../../Plugins/FX/Niagara/Content/Enums/ENiagaraExpansionMode.uasset" 407
"../../Plugins/FX/Niagara/Content/Enums/ENiagaraFrictionMergeType.uasset" 408
"../../Plugins/FX/Niagara/Content/Enums/ENiagaraGPUDepthResponseType.uasset" 409
"../../Plugins/FX/Niagara/Content/Enums/ENiagaraGridPlacementType.uasset" 410
"../../Plugins/FX/Niagara/Content/Enums/ENiagaraInactiveMode.uasset" 411
"../../Plugins/FX/Niagara/Content/Enums/ENiagaraKillVolumeOptions.uasset" 412
"../../Plugins/FX/Niagara/Content/Enums/ENiagaraLinearColor_Channels.uasset" 413
"../../Plugins/FX/Niagara/Content/Enums/ENiagaraMassByVolume.uasset" 414
"../../Plugins/FX/Niagara/Content/Enums/ENiagaraMassCalculationForRendererTypes.uasset" 415
"../../Plugins/FX/Niagara/Content/Enums/ENiagaraMeshOrSprite.uasset" 416
"../../Plugins/FX/Niagara/Content/Enums/ENiagaraMeshSamplingMode.uasset" 417
"../../Plugins/FX/Niagara/Content/Enums/ENiagaraMeshSurfaceSamplingMode.uasset" 418
"../../Plugins/FX/Niagara/Content/Enums/ENiagaraMeshTransforms.uasset" 419
"../../Plugins/FX/Niagara/Content/Enums/ENiagaraMinOrMax.uasset" 420
"../../Plugins/FX/Niagara/Content/Enums/ENiagaraNumericVariableTypes.uasset" 421
"../../Plugins/FX/Niagara/Content/Enums/ENiagaraOrientationAxis.uasset" 422
"../../Plugins/FX/Niagara/Content/Enums/ENiagaraQuaternionDerivationTechnique.uasset" 423
"../../Plugins/FX/Niagara/Content/Enums/ENiagaraRandomnessEvaluation.uasset" 424
"../../Plugins/FX/Niagara/Content/Enums/ENiagaraRandomnessMode.uasset" 425
"../../Plugins/FX/Niagara/Content/Enums/ENiagaraRestitutionMergeType.uasset" 426
"../../Plugins/FX/Niagara/Content/Enums/ENiagaraScaleColorMode.uasset" 427
"../../Plugins/FX/Niagara/Content/Enums/ENiagaraSimulationTarget.uasset" 428
"../../Plugins/FX/Niagara/Content/Enums/ENiagaraSkeletalSpawning.uasset" 429
"../../Plugins/FX/Niagara/Content/Enums/ENiagaraSkelSamplingFilteringMode.uasset" 430
"../../Plugins/FX/Niagara/Content/Enums/ENiagaraSkelSamplingModeFull.uasset" 431
"../../Plugins/FX/Niagara/Content/Enums/ENiagaraSocketSamplingMode.uasset" 432
"../../Plugins/FX/Niagara/Content/Enums/ENiagaraSphereDistributionMode.uasset" 433
"../../Plugins/FX/Niagara/Content/Enums/ENiagaraSUbUVAnimationMode.uasset" 434
"../../Plugins/FX/Niagara/Content/Enums/ENiagaraSystemInactiveMode.uasset" 435
"../../Plugins/FX/Niagara/Content/Enums/ENiagaraTorusDistributionMode.uasset" 436
"../../Plugins/FX/Niagara/Content/Enums/ENiagaraTorusMode.uasset" 437
"../../Plugins/FX/Niagara/Content/Enums/ENiagaraTriangleSamplingMode.uasset" 438
"../../Plugins/FX/Niagara/Content/Enums/ENiagaraVector2_Channels.uasset" 439
"../../Plugins/FX/Niagara/Content/Enums/ENiagaraVector3_Channels.uasset" 440
"../../Plugins/FX/Niagara/Content/Enums/ENiagaraVector4_Channels.uasset" 441
"../../Plugins/FX/Niagara/Content/Enums/ENiagaraVertexFilteringMode.uasset" 442
"../../Plugins/FX/Niagara/Content/Enums/ENiagaraVertexSamplingMode.uasset" 443
"../../Plugins/FX/Niagara/Content/Enums/ENiagara_AudioParamType.uasset" 444
"../../Plugins/FX/Niagara/Content/Enums/ENiagara_BankOnTurns.uasset" 445
"../../Plugins/FX/Niagara/Content/Enums/ENiagara_CameraMeshOrientation.uasset" 446
"../../Plugins/FX/Niagara/Content/Enums/ENiagara_CameraProperties.uasset" 447
"../../Plugins/FX/Niagara/Content/Enums/ENiagara_CollisionType.uasset" 448
"../../Plugins/FX/Niagara/Content/Enums/ENiagara_ColorInitializationMode.uasset" 449
"../../Plugins/FX/Niagara/Content/Enums/ENiagara_CPUCollisionType.uasset" 450
"../../Plugins/FX/Niagara/Content/Enums/ENiagara_DirectReadApplicationMode.uasset" 451
"../../Plugins/FX/Niagara/Content/Enums/ENiagara_DirectReadParticleIDSampling.uasset" 452
"../../Plugins/FX/Niagara/Content/Enums/ENiagara_DirectReadSamplingMode.uasset" 453
"../../Plugins/FX/Niagara/Content/Enums/ENiagara_EmitterLocSamplingMode.uasset" 454
"../../Plugins/FX/Niagara/Content/Enums/ENiagara_EmitterStateOptions.uasset" 455
"../../Plugins/FX/Niagara/Content/Enums/ENiagara_FadeOperationType.uasset" 456
"../../Plugins/FX/Niagara/Content/Enums/ENiagara_Float4Channel.uasset" 457
"../../Plugins/FX/Niagara/Content/Enums/ENiagara_GPUCollisionType.uasset" 458
"../../Plugins/FX/Niagara/Content/Enums/ENiagara_IDAttributes.uasset" 459
"../../Plugins/FX/Niagara/Content/Enums/ENiagara_InfiniteLoopDuration.uasset" 460
"../../Plugins/FX/Niagara/Content/Enums/ENiagara_LifetimeInheritanceOptions.uasset" 461
"../../Plugins/FX/Niagara/Content/Enums/ENiagara_LifetimeMode.uasset" 462
"../../Plugins/FX/Niagara/Content/Enums/ENiagara_MassInitializationMode.uasset" 463
"../../Plugins/FX/Niagara/Content/Enums/ENiagara_MultipleLerpCount.uasset" 464
"../../Plugins/FX/Niagara/Content/Enums/ENiagara_PositionInitializationMode.uasset" 465
"../../Plugins/FX/Niagara/Content/Enums/ENiagara_RotationDefinitionApproach.uasset" 466
"../../Plugins/FX/Niagara/Content/Enums/ENiagara_SizeScaleMode.uasset" 467
"../../Plugins/FX/Niagara/Content/Enums/ENiagara_SpawnBurstMode.uasset" 468
"../../Plugins/FX/Niagara/Content/Enums/ENiagara_SpriteRotationMode.uasset" 469
"../../Plugins/FX/Niagara/Content/Enums/ENiagara_SubUVLookupMode.uasset" 470
"../../Plugins/FX/Niagara/Content/Enums/ENiagara_TransformBaseOptions.uasset" 471
"../../Plugins/FX/Niagara/Content/Enums/ENiagara_TransformMode.uasset" 472
"../../Plugins/FX/Niagara/Content/Enums/ENiagara_TransformOrientationMode.uasset" 473
"../../Plugins/FX/Niagara/Content/Enums/ENiagara_UVFlippingMode.uasset" 474
"../../Plugins/FX/Niagara/Content/Enums/Niagara_Units.uasset" 475
"../../Plugins/FX/Niagara/Content/Enums/CascadeConversion/ECascadeNiagaraOrbitChainMode.uasset" 476
"../../Plugins/FX/Niagara/Content/Enums/CascadeConversion/ECascadeNiagaraTwoVectorChannels.uasset" 477
"../../Plugins/FX/Niagara/Content/Icons/S_ParticleSystem.uasset" 478
"../../../Engine/Content/BasicShapes/Cylinder.uasset" 479
"../../../Engine/Content/ArtTools/RenderToTexture/Materials/Debug/M_Emissive_Color.uasset" 480
"../../Plugins/Lumin/MagicLeapPassableWorld/Content/MagicLeapARPinInfoActor.uasset" 481
"../../Plugins/Editor/SpeedTreeImporter/Content/SpeedTree9/UnpackInteger3.uasset" 482
"../../Plugins/Editor/SpeedTreeImporter/Content/SpeedTree9/UnpackDirection.uasset" 483
"../../Plugins/Editor/SpeedTreeImporter/Content/SpeedTree9/game_wind_noise.uasset" 484
"../../../Engine/Content/Functions/Engine_MaterialFunctions02/SafeNormalize.uasset" 485
"../../Plugins/Editor/SpeedTreeImporter/Content/SpeedTree9/SpeedTreeWindMotion.uasset" 486
"../../Plugins/Editor/SpeedTreeImporter/Content/SpeedTree9/SpeedTreeBranchMotion.uasset" 487
"../../../Engine/Content/Functions/Engine_MaterialFunctions02/ObjectLocalBounds.uasset" 488
"../../../Engine/Content/Functions/Engine_MaterialFunctions02/UVs/BoundingBoxBased_0-1_UVW.uasset" 489
"../../Plugins/Editor/SpeedTreeImporter/Content/SpeedTree9/SpeedTreeWind.uasset" 490
"../../Plugins/Editor/SpeedTreeImporter/Content/SpeedTree9/SpeedTreeBillboard.uasset" 491
"../../../Engine/Content/EngineResources/DefaultTexture.uasset" 492
"../../Plugins/Editor/SpeedTreeImporter/Content/SpeedTree9/SpeedTreeBillboardMaster.uasset" 493
"../../Plugins/Editor/SpeedTreeImporter/Content/SpeedTree9/SpeedTreeCameraFacing.uasset" 494
"../../Plugins/Editor/SpeedTreeImporter/Content/SpeedTree9/SpeedTreeMaster.uasset" 495
"../../../Engine/Content/Functions/Engine_MaterialFunctions02/Utility/BreakOutFloat4Components.uasset" 496
"../../Plugins/Runtime/Oculus/OculusVR/Content/Materials/OculusMR_ChromaKey.uasset" 497
"../../Plugins/Runtime/Oculus/OculusVR/Content/Materials/OculusMR_OpaqueColoredMaterial.uasset" 498
"../../Plugins/Runtime/Oculus/OculusVR/Content/Materials/PokeAHoleMaterial.uasset" 499
"../../../../../../Users/Administrator/Documents/Unreal Projects/TestAndroid/Content/2DSideScrollerBP/Maps/Main_Level_BuiltData.uasset" 500
"../../../../../../Users/Administrator/Documents/Unreal Projects/TestAndroid/Content/MobileStarterContent/Textures/T_Brick_Hewn_Stone_N.uasset" 501
"../../../../../../Users/Administrator/Documents/Unreal Projects/TestAndroid/Content/MobileStarterContent/Textures/T_Brick_Hewn_Stone_M.uasset" 502
"../../../../../../Users/Administrator/Documents/Unreal Projects/TestAndroid/Content/MobileStarterContent/Textures/T_Brick_Hewn_Stone_D.uasset" 503
"../../../../../../Users/Administrator/Documents/Unreal Projects/TestAndroid/Content/MobileStarterContent/Materials/M_Brick_Hewn_Stone.uasset" 504
"../../../Engine/Content/BasicShapes/Cube.uasset" 505
"../../../Engine/Content/BasicShapes/BasicShapeMaterial.uasset" 506
"../../../../../../Users/Administrator/Documents/Unreal Projects/TestAndroid/Content/Obstacles/Box.uasset" 507
"../../../../../../Users/Administrator/Documents/Unreal Projects/TestAndroid/Content/MobileStarterContent/Textures/T_Brick_Cut_Stone_N.uasset" 508
"../../../../../../Users/Administrator/Documents/Unreal Projects/TestAndroid/Content/MobileStarterContent/Textures/T_Brick_Cut_Stone_D.uasset" 509
"../../../../../../Users/Administrator/Documents/Unreal Projects/TestAndroid/Content/MobileStarterContent/Materials/M_Brick_Cut_Stone.uasset" 510
"../../../Engine/Content/BasicShapes/Sphere.uasset" 511
"../../../../../../Users/Administrator/Documents/Unreal Projects/TestAndroid/Content/Obstacles/Coin.uasset" 512
"../../../../../../Users/Administrator/Documents/Unreal Projects/TestAndroid/Content/Obstacles/Obstacle_Spawner.uasset" 513
"../../../../../../Users/Administrator/Documents/Unreal Projects/TestAndroid/Content/EndlessPlatforms/Platform.uasset" 514
"../../../Engine/Content/MapTemplates/T_ScreenDirt02_w.uasset" 515
"../../../Engine/Content/MapTemplates/Bokeh_5Sides.uasset" 516
"../../../../../../Users/Administrator/Documents/Unreal Projects/TestAndroid/Content/2DSideScrollerBP/Maps/Main_Level.umap" 517
